{"level":"info","message":"Fri Apr 19 2024 17:15:57 GMT+0530 (India Standard Time)\n req URL: /api/user/login\n reqBody: {\"email\":\"amit@amit.com\",\"password\":\"amit123\"}","service":"user-service"}
{"level":"info","message":"Fri Apr 19 2024 17:50:16 GMT+0530 (India Standard Time)\n req URL: /api/user/alluser\n reqBody: {}","service":"user-service"}
{"level":"info","message":"Fri Apr 19 2024 17:52:04 GMT+0530 (India Standard Time)\n req URL: /api/user/alluser\n reqBody: {}","service":"user-service"}
{"level":"info","message":"Fri Apr 19 2024 17:54:07 GMT+0530 (India Standard Time)\n req URL: /api/user/alluser\n reqBody: {}","service":"user-service"}
{"level":"info","message":"Fri Apr 19 2024 17:54:37 GMT+0530 (India Standard Time)\n req URL: /api/user/alluser\n reqBody: {}","service":"user-service"}
{"level":"info","message":"Fri Apr 19 2024 17:58:35 GMT+0530 (India Standard Time)\n req URL: /api/user/alluser\n reqBody: {}","service":"user-service"}
{"level":"info","message":"Fri Apr 19 2024 18:00:38 GMT+0530 (India Standard Time)\n req URL: /api/user/alluser\n reqBody: {}","service":"user-service"}
{"level":"info","message":"Fri Apr 19 2024 18:03:47 GMT+0530 (India Standard Time)\n req URL: /api/user/alluser\n reqBody: {}","service":"user-service"}
{"level":"info","message":"Fri Apr 19 2024 18:03:59 GMT+0530 (India Standard Time)\n req URL: /api/user/alluser\n reqBody: {}","service":"user-service"}
{"level":"info","message":"Fri Apr 19 2024 18:06:18 GMT+0530 (India Standard Time)\n req URL: /api/user/alluser\n reqBody: {}","service":"user-service"}
{"level":"info","message":"Fri Apr 19 2024 18:10:33 GMT+0530 (India Standard Time)\n req URL: /api/user/alluser\n reqBody: {}","service":"user-service"}
{"level":"info","message":"Fri Apr 19 2024 18:11:07 GMT+0530 (India Standard Time)\n req URL: /api/user/alluser\n reqBody: {}","service":"user-service"}
{"level":"info","message":"Fri Apr 19 2024 18:11:37 GMT+0530 (India Standard Time)\n req URL: /api/user/alluser\n reqBody: {}","service":"user-service"}
{"level":"info","message":"Fri Apr 19 2024 18:11:43 GMT+0530 (India Standard Time)\n req URL: /api/user/alluser\n reqBody: {}","service":"user-service"}
{"level":"info","message":"Fri Apr 19 2024 18:11:45 GMT+0530 (India Standard Time)\n req URL: /api/user/alluser\n reqBody: {}","service":"user-service"}
{"level":"info","message":"Fri Apr 19 2024 18:12:28 GMT+0530 (India Standard Time)\n req URL: /api/user/alluser\n reqBody: {}","service":"user-service"}
{"level":"info","message":"Fri Apr 19 2024 18:12:31 GMT+0530 (India Standard Time)\n req URL: /api/user/alluser\n reqBody: {}","service":"user-service"}
{"level":"info","message":"Fri Apr 19 2024 18:14:31 GMT+0530 (India Standard Time)\n req URL: /api/user/signup\n reqBody: {\"name\":\"sun\",\"email\":\"sun@sun.com\",\"password\":\"sun123\"}","service":"user-service"}
{"level":"info","message":"Fri Apr 19 2024 18:16:26 GMT+0530 (India Standard Time)\n req URL: /api/user/signup\n reqBody: {\"name\":\"sun\",\"email\":\"sun@sun.com\",\"password\":\"sun123\",\"imageUrl\":\"https://cdn-icons-png.flaticon.com/512/3135/3135715.png\"}","service":"user-service"}
{"level":"info","message":"Fri Apr 19 2024 18:16:57 GMT+0530 (India Standard Time)\n req URL: /api/user/signup\n reqBody: {\"name\":\"sun\",\"email\":\"sun@sun.com\",\"password\":\"sun123\",\"imageUrl\":\"https://cdn-icons-png.flaticon.com/512/3135/3135715.png\"}","service":"user-service"}
{"level":"info","message":"Fri Apr 19 2024 18:20:53 GMT+0530 (India Standard Time)\n req URL: /api/user/signup\n reqBody: {\"name\":\"sun\",\"email\":\"sun@sun.com\",\"password\":\"sun123\",\"imageUrl\":\"https://cdn-icons-png.flaticon.com/512/3135/3135715.png\"}","service":"user-service"}
{"level":"info","message":"Fri Apr 19 2024 18:21:05 GMT+0530 (India Standard Time)\n req URL: /api/user/alluser\n reqBody: {}","service":"user-service"}
{"level":"info","message":"Fri Apr 19 2024 18:25:04 GMT+0530 (India Standard Time)\n req URL: /api/user/signup\n reqBody: {\"name\":\"sun\",\"email\":\"sun@sun.com\",\"password\":\"sun123\",\"profileImageUrl\":\"https://cdn-icons-png.flaticon.com/512/3135/3135715.png\"}","service":"user-service"}
{"level":"info","message":"Fri Apr 19 2024 18:27:10 GMT+0530 (India Standard Time)\n req URL: /api/user/signup\n reqBody: {\"name\":\"sun\",\"email\":\"sun@sun.com\",\"password\":\"sun123\",\"profileImageUrl\":\"https://cdn-icons-png.flaticon.com/512/3135/3135715.png\"}","service":"user-service"}
{"level":"info","message":"Fri Apr 19 2024 18:38:03 GMT+0530 (India Standard Time)\n req URL: /api/user/signup\n reqBody: {\"name\":\"sun\",\"email\":\"sun@sun.com\",\"password\":\"sun123\",\"profileImageUrl\":\"https://cdn-icons-png.flaticon.com/512/3135/3135715.png\"}","service":"user-service"}
{"level":"info","message":"Fri Apr 19 2024 18:38:28 GMT+0530 (India Standard Time)\n req URL: /api/user/signup\n reqBody: {\"name\":\"sun\",\"email\":\"sun@sun.com\",\"password\":\"sun123\",\"profileImageUrl\":\"https://cdn-icons-png.flaticon.com/512/3135/3135715.png\"}","service":"user-service"}
{"level":"info","message":"Fri Apr 19 2024 18:40:06 GMT+0530 (India Standard Time)\n req URL: /api/user/signup\n reqBody: {\"name\":\"sun\",\"email\":\"sun@sun.com\",\"password\":\"sun123\",\"profileImageUrl\":\"https://cdn-icons-png.flaticon.com/512/3135/3135715.png\"}","service":"user-service"}
{"level":"info","message":"Fri Apr 19 2024 18:41:13 GMT+0530 (India Standard Time)\n req URL: /api/user/signup\n reqBody: {\"name\":\"sun\",\"email\":\"sun@sun.com\",\"password\":\"sun123\",\"profileImageUrl\":\"https://cdn-icons-png.flaticon.com/512/3135/3135715.png\"}","service":"user-service"}
{"level":"info","message":"Fri Apr 19 2024 18:41:41 GMT+0530 (India Standard Time)\n req URL: /api/user/signup\n reqBody: {\"name\":\"sun\",\"email\":\"sun@sun.com\",\"password\":\"sun123\",\"profileImageUrl\":\"https://cdn-icons-png.flaticon.com/512/3135/3135715.png\"}","service":"user-service"}
{"level":"info","message":"Fri Apr 19 2024 18:41:57 GMT+0530 (India Standard Time)\n req URL: /api/user/signup\n reqBody: {\"name\":\"sun\",\"email\":\"sun@sun.com\",\"password\":\"sun123\",\"profileImageUrl\":\"https://cdn-icons-png.flaticon.com/512/3135/3135715.png\"}","service":"user-service"}
{"level":"info","message":"Fri Apr 19 2024 22:42:02 GMT+0530 (India Standard Time)\n req URL: /api/user/alluser\n reqBody: {}","service":"user-service"}
{"level":"info","message":"Fri Apr 19 2024 23:54:50 GMT+0530 (India Standard Time)\n req URL: /api/user/alluser\n reqBody: {}","service":"user-service"}
{"level":"info","message":"Fri Apr 19 2024 23:55:23 GMT+0530 (India Standard Time)\n req URL: /api/user/alluser\n reqBody: {}","service":"user-service"}
{"level":"info","message":"Fri Apr 19 2024 23:55:25 GMT+0530 (India Standard Time)\n req URL: /api/user/alluser\n reqBody: {}","service":"user-service"}
{"level":"info","message":"Fri Apr 19 2024 23:59:29 GMT+0530 (India Standard Time)\n req URL: /api/user/alluser\n reqBody: {}","service":"user-service"}
{"level":"info","message":"Fri Apr 19 2024 23:59:44 GMT+0530 (India Standard Time)\n req URL: /api/user/alluser\n reqBody: {}","service":"user-service"}
{"level":"info","message":"Fri Apr 19 2024 23:59:45 GMT+0530 (India Standard Time)\n req URL: /api/user/alluser\n reqBody: {}","service":"user-service"}
{"level":"info","message":"Sat Apr 20 2024 00:18:09 GMT+0530 (India Standard Time)\n req URL: /api/user/alluser\n reqBody: {}","service":"user-service"}
{"level":"info","message":"Sat Apr 20 2024 00:18:46 GMT+0530 (India Standard Time)\n req URL: /api/user/alluser\n reqBody: {}","service":"user-service"}
{"level":"info","message":"Sat Apr 20 2024 00:18:50 GMT+0530 (India Standard Time)\n req URL: /api/user/alluser\n reqBody: {}","service":"user-service"}
{"level":"info","message":"Sat Apr 20 2024 00:18:58 GMT+0530 (India Standard Time)\n req URL: /api/user/alluser\n reqBody: {}","service":"user-service"}
{"level":"info","message":"Sat Apr 20 2024 00:19:04 GMT+0530 (India Standard Time)\n req URL: /api/user/alluser\n reqBody: {}","service":"user-service"}
{"level":"info","message":"Sat Apr 20 2024 00:19:13 GMT+0530 (India Standard Time)\n req URL: /api/user/alluser\n reqBody: {}","service":"user-service"}
{"level":"info","message":"Sat Apr 20 2024 00:19:28 GMT+0530 (India Standard Time)\n req URL: /api/user/alluser\n reqBody: {}","service":"user-service"}
{"level":"info","message":"Sat Apr 20 2024 00:19:46 GMT+0530 (India Standard Time)\n req URL: /api/user/alluser\n reqBody: {}","service":"user-service"}
{"level":"info","message":"Sat Apr 20 2024 00:20:19 GMT+0530 (India Standard Time)\n req URL: /api/user/alluser\n reqBody: {}","service":"user-service"}
{"level":"info","message":"Sun Apr 21 2024 15:01:59 GMT+0530 (India Standard Time)\n req URL: /api/posts/posts\n reqBody: {\"title\":\"Amit\",\"content\":\"Amit is good boy\",\"userId\":\"5\"}","service":"user-service"}
{"level":"info","message":"Sun Apr 21 2024 15:03:01 GMT+0530 (India Standard Time)\n req URL: /api/posts/posts\n reqBody: {}","service":"user-service"}
{"level":"info","message":"Sun Apr 21 2024 15:03:51 GMT+0530 (India Standard Time)\n req URL: /api/posts/posts\n reqBody: {}","service":"user-service"}
{"level":"info","message":"Sun Apr 21 2024 15:05:04 GMT+0530 (India Standard Time)\n req URL: /api/posts/posts\n reqBody: {}","service":"user-service"}
{"level":"info","message":"Sun Apr 21 2024 15:05:44 GMT+0530 (India Standard Time)\n req URL: /api/posts/posts\n reqBody: {}","service":"user-service"}
{"level":"info","message":"Sun Apr 21 2024 15:05:55 GMT+0530 (India Standard Time)\n req URL: /api/posts/posts\n reqBody: {}","service":"user-service"}
{"level":"info","message":"Sun Apr 21 2024 15:06:08 GMT+0530 (India Standard Time)\n req URL: /api/posts/posts\n reqBody: {}","service":"user-service"}
{"level":"info","message":"Sun Apr 21 2024 15:06:19 GMT+0530 (India Standard Time)\n req URL: /api/posts/posts\n reqBody: {}","service":"user-service"}
{"level":"info","message":"Sun Apr 21 2024 15:06:35 GMT+0530 (India Standard Time)\n req URL: /api/posts/posts\n reqBody: {}","service":"user-service"}
{"level":"info","message":"Sun Apr 21 2024 15:06:37 GMT+0530 (India Standard Time)\n req URL: /api/posts/posts\n reqBody: {}","service":"user-service"}
{"level":"info","message":"Sun Apr 21 2024 15:06:48 GMT+0530 (India Standard Time)\n req URL: /api/posts/posts\n reqBody: {}","service":"user-service"}
{"level":"info","message":"Sun Apr 21 2024 15:06:54 GMT+0530 (India Standard Time)\n req URL: /api/posts/posts\n reqBody: {}","service":"user-service"}
{"level":"info","message":"Sun Apr 21 2024 15:07:30 GMT+0530 (India Standard Time)\n req URL: /api/posts/posts\n reqBody: {}","service":"user-service"}
{"level":"info","message":"Sun Apr 21 2024 15:08:04 GMT+0530 (India Standard Time)\n req URL: /api/posts/posts\n reqBody: {}","service":"user-service"}
{"level":"info","message":"Sun Apr 21 2024 15:10:20 GMT+0530 (India Standard Time)\n req URL: /api/posts/posts\n reqBody: {}","service":"user-service"}
{"level":"info","message":"Sun Apr 21 2024 15:10:44 GMT+0530 (India Standard Time)\n req URL: /api/posts/posts\n reqBody: {\"title\":\"Amit\",\"content\":\"Amit is good boy\",\"userId\":\"2\"}","service":"user-service"}
{"level":"info","message":"Sun Apr 21 2024 15:10:57 GMT+0530 (India Standard Time)\n req URL: /api/posts/posts\n reqBody: {\"title\":\"Amit\",\"content\":\"Amit is good boy\",\"userId\":\"2\"}","service":"user-service"}
{"level":"info","message":"Sun Apr 21 2024 15:11:37 GMT+0530 (India Standard Time)\n req URL: /api/posts/posts\n reqBody: {}","service":"user-service"}
{"level":"info","message":"Sun Apr 21 2024 15:13:14 GMT+0530 (India Standard Time)\n req URL: /api/users/6/1\n reqBody: {}","service":"user-service"}
{"level":"info","message":"Sun Apr 21 2024 15:13:21 GMT+0530 (India Standard Time)\n req URL: /api/users/:6/1\n reqBody: {}","service":"user-service"}
{"level":"info","message":"Sun Apr 21 2024 15:14:25 GMT+0530 (India Standard Time)\n req URL: /api/users/:2/posts\n reqBody: {}","service":"user-service"}
{"level":"info","message":"Sun Apr 21 2024 15:14:36 GMT+0530 (India Standard Time)\n req URL: /api/users/2/posts\n reqBody: {}","service":"user-service"}
{"level":"info","message":"Sun Apr 21 2024 15:14:58 GMT+0530 (India Standard Time)\n req URL: /api/posts/users/:2/posts\n reqBody: {}","service":"user-service"}
{"level":"info","message":"Sun Apr 21 2024 15:15:03 GMT+0530 (India Standard Time)\n req URL: /api/posts/users/2/posts\n reqBody: {}","service":"user-service"}
{"level":"info","message":"Sun Apr 21 2024 15:15:21 GMT+0530 (India Standard Time)\n req URL: /api/posts/users/2/posts\n reqBody: {}","service":"user-service"}
{"level":"info","message":"Sun Apr 21 2024 15:15:29 GMT+0530 (India Standard Time)\n req URL: /api/posts/users/3/posts\n reqBody: {}","service":"user-service"}
{"level":"info","message":"Sun Apr 21 2024 15:15:34 GMT+0530 (India Standard Time)\n req URL: /api/posts/users/1/posts\n reqBody: {}","service":"user-service"}
{"level":"info","message":"Sun Apr 21 2024 15:16:31 GMT+0530 (India Standard Time)\n req URL: /api/posts/posts\n reqBody: {\"title\":\"Amit\",\"content\":\"Amit is good boy\",\"userId\":\"2\"}","service":"user-service"}
{"level":"info","message":"Sun Apr 21 2024 15:16:54 GMT+0530 (India Standard Time)\n req URL: /api/posts/posts\n reqBody: {\"title\":\"Amit\",\"content\":\"Amit is good boy\",\"userId\":\"2\"}","service":"user-service"}
{"level":"info","message":"Sun Apr 21 2024 15:17:03 GMT+0530 (India Standard Time)\n req URL: /api/posts/posts\n reqBody: {}","service":"user-service"}
{"level":"info","message":"Sun Apr 21 2024 15:17:25 GMT+0530 (India Standard Time)\n req URL: /api/posts/posts?\n reqBody: {}","service":"user-service"}
{"level":"info","message":"Sun Apr 21 2024 15:17:33 GMT+0530 (India Standard Time)\n req URL: /api/posts/users/1/posts\n reqBody: {}","service":"user-service"}
